Using pre-set license
Built from '2020.3/staging' branch; Version is '2020.3.0f1 (c7b5465681fb) revision 13088070'; Using compiler version '192528614'; Build Type 'Release'
OS: 'Windows 10 Pro; OS build 19042.867; Version 2009; 64bit' Language: 'ko' Physical Memory: 16315 MB
BatchMode: 1, IsHumanControllingUs: 0, StartBugReporterOnCrash: 0, Is64bit: 1, IsPro: 0

 COMMAND LINE ARGUMENTS:
C:\Program Files\Unity\Hub\Editor\2020.3.0f1\Editor\Unity.exe
-adb2
-batchMode
-noUpm
-name
AssetImportWorker0
-projectPath
C:/Users/kawai/CA_Project
-logFile
Logs/AssetImportWorker0.log
-srvPort
62516
Successfully changed project path to: C:/Users/kawai/CA_Project
C:/Users/kawai/CA_Project
Using Asset Import Pipeline V2.
Refreshing native plugins compatible for Editor in 40.30 ms, found 1 plugins.
Preloading 0 native plugins for Editor in 0.00 ms.
Initialize engine version: 2020.3.0f1 (c7b5465681fb)
[Subsystems] Discovering subsystems at path C:/Program Files/Unity/Hub/Editor/2020.3.0f1/Editor/Data/Resources/UnitySubsystems
[Subsystems] Discovering subsystems at path C:/Users/kawai/CA_Project/Assets
GfxDevice: creating device client; threaded=0
Direct3D:
    Version:  Direct3D 11.0 [level 11.1]
    Renderer: NVIDIA GeForce GTX 1050 (ID=0x1c81)
    Vendor:   
    VRAM:     1977 MB
    Driver:   27.21.14.5671
Initialize mono
Mono path[0] = 'C:/Program Files/Unity/Hub/Editor/2020.3.0f1/Editor/Data/Managed'
Mono path[1] = 'C:/Program Files/Unity/Hub/Editor/2020.3.0f1/Editor/Data/MonoBleedingEdge/lib/mono/unityjit'
Mono config path = 'C:/Program Files/Unity/Hub/Editor/2020.3.0f1/Editor/Data/MonoBleedingEdge/etc'
Using monoOptions --debugger-agent=transport=dt_socket,embedding=1,server=y,suspend=n,address=127.0.0.1:56888
Begin MonoManager ReloadAssembly
Registering precompiled unity dll's ...
Register platform support module: C:/Program Files/Unity/Hub/Editor/2020.3.0f1/Editor/Data/PlaybackEngines/WebGLSupport/UnityEditor.WebGL.Extensions.dll
Register platform support module: C:/Program Files/Unity/Hub/Editor/2020.3.0f1/Editor/Data/PlaybackEngines/WindowsStandaloneSupport/UnityEditor.WindowsStandalone.Extensions.dll
Registered in 0.002344 seconds.
Native extension for WindowsStandalone target not found
Native extension for WebGL target not found
Refreshing native plugins compatible for Editor in 29.88 ms, found 1 plugins.
Preloading 0 native plugins for Editor in 0.00 ms.
Invoked RoslynAnalysisRunner static constructor.
RoslynAnalysisRunner will not be running.
RoslynAnalysisRunner has terminated.
Mono: successfully reloaded assembly
- Completed reload, in  1.851 seconds
Platform modules already initialized, skipping
Registering precompiled user dll's ...
Registered in 0.004624 seconds.
Begin MonoManager ReloadAssembly
Native extension for WindowsStandalone target not found
Native extension for WebGL target not found
Refreshing native plugins compatible for Editor in 0.50 ms, found 1 plugins.
Preloading 0 native plugins for Editor in 0.00 ms.
Invoked RoslynAnalysisRunner static constructor.
RoslynAnalysisRunner will not be running.
RoslynAnalysisRunner has terminated.
Mono: successfully reloaded assembly
- Completed reload, in  0.799 seconds
Platform modules already initialized, skipping
========================================================================
Worker process is ready to serve import requests
Launched and connected shader compiler UnityShaderCompiler.exe after 0.04 seconds
Refreshing native plugins compatible for Editor in 0.57 ms, found 1 plugins.
Preloading 0 native plugins for Editor in 0.00 ms.
Unloading 1753 Unused Serialized files (Serialized files now loaded: 0)
System memory in use before: 88.5 MB.
System memory in use after: 88.6 MB.

Unloading 34 unused Assets to reduce memory usage. Loaded Objects now: 2183.
Total: 2.247900 ms (FindLiveObjects: 0.242200 ms CreateObjectMapping: 0.054600 ms MarkObjects: 1.844500 ms  DeleteObjects: 0.105200 ms)

========================================================================
Received Import Request.
  path: Assets/GoogleARCore/Prefabs
  artifactKey: Guid(a00108229b1e04acd805e57abcdff773) Importer(815301076,1909f56bfc062723c751e8b465ee728b)
Start importing Assets/GoogleARCore/Prefabs using Guid(a00108229b1e04acd805e57abcdff773) Importer(815301076,1909f56bfc062723c751e8b465ee728b)  -> (artifact id: 'b527e0a7ffd2c34761f13f1f8abbc7c3') in 0.008541 seconds
  Import took 0.011480 seconds .

========================================================================
Received Import Request.
  Time since last request: 0.000252 seconds.
  path: Assets/GoogleARCore/Examples/CloudAnchors
  artifactKey: Guid(8882333b591f04286b417ab47ff34c20) Importer(815301076,1909f56bfc062723c751e8b465ee728b)
Start importing Assets/GoogleARCore/Examples/CloudAnchors using Guid(8882333b591f04286b417ab47ff34c20) Importer(815301076,1909f56bfc062723c751e8b465ee728b)  -> (artifact id: '8cc2fe66e58b47ea1f62804b0935c776') in 0.006218 seconds
  Import took 0.009265 seconds .

========================================================================
Received Import Request.
  Time since last request: 2.897497 seconds.
  path: Assets/GoogleARCore/Examples/CloudAnchors/Scenes
  artifactKey: Guid(ad1c36489614b41a48cbb57ae747dc32) Importer(815301076,1909f56bfc062723c751e8b465ee728b)
Start importing Assets/GoogleARCore/Examples/CloudAnchors/Scenes using Guid(ad1c36489614b41a48cbb57ae747dc32) Importer(815301076,1909f56bfc062723c751e8b465ee728b)  -> (artifact id: 'a1085ef4766ce8dcb81cb7296f43b3cf') in 0.003152 seconds
  Import took 0.009267 seconds .

========================================================================
Received Import Request.
  Time since last request: 1.513073 seconds.
  path: Assets/GoogleARCore/Examples/CloudAnchors/Scenes/CloudAnchors.unity
  artifactKey: Guid(83fb41cc294e74bdea57537befa00ffc) Importer(815301076,1909f56bfc062723c751e8b465ee728b)
Start importing Assets/GoogleARCore/Examples/CloudAnchors/Scenes/CloudAnchors.unity using Guid(83fb41cc294e74bdea57537befa00ffc) Importer(815301076,1909f56bfc062723c751e8b465ee728b)  -> (artifact id: '6912d5c6ee184b7a75c0f653e1a635ca') in 0.012794 seconds
  Import took 0.016142 seconds .

========================================================================
Received Prepare
Registering precompiled user dll's ...
Registered in 0.005852 seconds.
Begin MonoManager ReloadAssembly
Native extension for WindowsStandalone target not found
Native extension for WebGL target not found
Refreshing native plugins compatible for Editor in 0.53 ms, found 1 plugins.
Preloading 0 native plugins for Editor in 0.00 ms.
Invoked RoslynAnalysisRunner static constructor.
RoslynAnalysisRunner will not be running.
RoslynAnalysisRunner has terminated.
Mono: successfully reloaded assembly
- Completed reload, in  0.830 seconds
Platform modules already initialized, skipping
Switching build target platform(5) subTarget(0) extendedPlatform(0) -> platform(13) subTarget(524288) extendedPlatform(0)
Refreshing native plugins compatible for Editor in 0.51 ms, found 1 plugins.
Preloading 0 native plugins for Editor in 0.00 ms.
Unloading 1697 Unused Serialized files (Serialized files now loaded: 0)
System memory in use before: 83.1 MB.
System memory in use after: 83.2 MB.

Unloading 29 unused Assets to reduce memory usage. Loaded Objects now: 2186.
Total: 1.875300 ms (FindLiveObjects: 0.289200 ms CreateObjectMapping: 0.043700 ms MarkObjects: 1.495100 ms  DeleteObjects: 0.045200 ms)

AssetImportParameters requested are different than current active one (requested -> active):
  custom:graphics/normal-map-encoding: 01000000000000000000000000000000 -> 02000000000000000000000000000000
========================================================================
Received Prepare
Refreshing native plugins compatible for Editor in 6.19 ms, found 1 plugins.
Preloading 0 native plugins for Editor in 0.00 ms.
Unloading 28 Unused Serialized files (Serialized files now loaded: 0)
System memory in use before: 51.3 MB.
System memory in use after: 51.3 MB.

Unloading 27 unused Assets to reduce memory usage. Loaded Objects now: 2186.
Total: 2.259700 ms (FindLiveObjects: 0.318500 ms CreateObjectMapping: 0.051700 ms MarkObjects: 1.825000 ms  DeleteObjects: 0.062400 ms)

========================================================================
Received Import Request.
  Time since last request: 1115.086657 seconds.
  path: Assets/Plugins/Android/AndroidManifest.xml
  artifactKey: Guid(2ed00955675e344ffbde11f60b3d08f5) Importer(815301076,1909f56bfc062723c751e8b465ee728b)
Start importing Assets/Plugins/Android/AndroidManifest.xml using Guid(2ed00955675e344ffbde11f60b3d08f5) Importer(815301076,1909f56bfc062723c751e8b465ee728b)  -> (artifact id: '7a2b1e2026a86852deb47ec20df387d0') in 0.041452 seconds
  Import took 0.044761 seconds .

========================================================================
Received Prepare
Refreshing native plugins compatible for Editor in 7.28 ms, found 1 plugins.
Preloading 0 native plugins for Editor in 0.00 ms.
Unloading 28 Unused Serialized files (Serialized files now loaded: 0)
System memory in use before: 51.3 MB.
System memory in use after: 51.4 MB.

Unloading 27 unused Assets to reduce memory usage. Loaded Objects now: 2186.
Total: 2.321900 ms (FindLiveObjects: 0.266900 ms CreateObjectMapping: 0.042600 ms MarkObjects: 1.951300 ms  DeleteObjects: 0.059900 ms)

========================================================================
Received Prepare
Refreshing native plugins compatible for Editor in 6.07 ms, found 1 plugins.
Preloading 0 native plugins for Editor in 0.00 ms.
Unloading 28 Unused Serialized files (Serialized files now loaded: 0)
System memory in use before: 51.3 MB.
System memory in use after: 51.4 MB.

Unloading 27 unused Assets to reduce memory usage. Loaded Objects now: 2186.
Total: 2.995700 ms (FindLiveObjects: 0.527600 ms CreateObjectMapping: 0.068800 ms MarkObjects: 2.322400 ms  DeleteObjects: 0.075500 ms)

========================================================================
Received Prepare
Registering precompiled user dll's ...
Registered in 0.006479 seconds.
Begin MonoManager ReloadAssembly
Native extension for WindowsStandalone target not found
Native extension for WebGL target not found
Refreshing native plugins compatible for Editor in 0.62 ms, found 1 plugins.
Preloading 0 native plugins for Editor in 0.00 ms.
Invoked RoslynAnalysisRunner static constructor.
RoslynAnalysisRunner will not be running.
RoslynAnalysisRunner has terminated.
Mono: successfully reloaded assembly
- Completed reload, in  0.805 seconds
Platform modules already initialized, skipping
Switching build target platform(5) subTarget(0) extendedPlatform(0) -> platform(13) subTarget(524288) extendedPlatform(0)
Refreshing native plugins compatible for Editor in 0.56 ms, found 1 plugins.
Preloading 0 native plugins for Editor in 0.00 ms.
Unloading 1697 Unused Serialized files (Serialized files now loaded: 0)
System memory in use before: 83.2 MB.
System memory in use after: 83.3 MB.

Unloading 29 unused Assets to reduce memory usage. Loaded Objects now: 2189.
Total: 1.890700 ms (FindLiveObjects: 0.304300 ms CreateObjectMapping: 0.052700 ms MarkObjects: 1.491000 ms  DeleteObjects: 0.041300 ms)

AssetImportParameters requested are different than current active one (requested -> active):
  custom:graphics/normal-map-encoding: 01000000000000000000000000000000 -> 02000000000000000000000000000000
========================================================================
Received Import Request.
  Time since last request: 619.717658 seconds.
  path: Assets/Scenes/SampleEx.unity
  artifactKey: Guid(edfb6a99ebe468c4aa4035f528bef378) Importer(815301076,1909f56bfc062723c751e8b465ee728b)
Start importing Assets/Scenes/SampleEx.unity using Guid(edfb6a99ebe468c4aa4035f528bef378) Importer(815301076,1909f56bfc062723c751e8b465ee728b)  -> (artifact id: 'ffc24734184c47fdb72fe69edc8e518f') in 0.013190 seconds
  Import took 0.016574 seconds .

========================================================================
Received Import Request.
  Time since last request: 0.001713 seconds.
  path: Assets/Scenes/SampleEx.unity
  artifactKey: Guid(edfb6a99ebe468c4aa4035f528bef378) Importer(815301076,1909f56bfc062723c751e8b465ee728b)
Start importing Assets/Scenes/SampleEx.unity using Guid(edfb6a99ebe468c4aa4035f528bef378) Importer(815301076,1909f56bfc062723c751e8b465ee728b)  -> (artifact id: 'ffc24734184c47fdb72fe69edc8e518f') in 0.002966 seconds
  Import took 0.005672 seconds .

========================================================================
Received Prepare
Registering precompiled user dll's ...
Registered in 0.004784 seconds.
Begin MonoManager ReloadAssembly
Native extension for WindowsStandalone target not found
Native extension for WebGL target not found
Refreshing native plugins compatible for Editor in 0.60 ms, found 1 plugins.
Preloading 0 native plugins for Editor in 0.00 ms.
Invoked RoslynAnalysisRunner static constructor.
RoslynAnalysisRunner will not be running.
RoslynAnalysisRunner has terminated.
Mono: successfully reloaded assembly
- Completed reload, in  0.759 seconds
Platform modules already initialized, skipping
Switching build target platform(5) subTarget(0) extendedPlatform(0) -> platform(13) subTarget(524288) extendedPlatform(0)
Refreshing native plugins compatible for Editor in 0.50 ms, found 1 plugins.
Preloading 0 native plugins for Editor in 0.00 ms.
Unloading 1697 Unused Serialized files (Serialized files now loaded: 0)
System memory in use before: 83.2 MB.
System memory in use after: 83.3 MB.

Unloading 29 unused Assets to reduce memory usage. Loaded Objects now: 2192.
Total: 2.144100 ms (FindLiveObjects: 0.208300 ms CreateObjectMapping: 0.050200 ms MarkObjects: 1.831600 ms  DeleteObjects: 0.052800 ms)

AssetImportParameters requested are different than current active one (requested -> active):
  custom:graphics/normal-map-encoding: 01000000000000000000000000000000 -> 02000000000000000000000000000000
========================================================================
Received Prepare
Refreshing native plugins compatible for Editor in 6.33 ms, found 1 plugins.
Preloading 0 native plugins for Editor in 0.00 ms.
Unloading 28 Unused Serialized files (Serialized files now loaded: 0)
System memory in use before: 51.3 MB.
System memory in use after: 51.4 MB.

Unloading 27 unused Assets to reduce memory usage. Loaded Objects now: 2192.
Total: 1.897000 ms (FindLiveObjects: 0.327000 ms CreateObjectMapping: 0.051800 ms MarkObjects: 1.463300 ms  DeleteObjects: 0.054100 ms)

AssetImportWorkerClient::OnTransportError - code=2 error=End of file
