Using pre-set license
Built from '2020.3/staging' branch; Version is '2020.3.0f1 (c7b5465681fb) revision 13088070'; Using compiler version '192528614'; Build Type 'Release'
OS: 'Windows 10 Pro; OS build 19042.867; Version 2009; 64bit' Language: 'ko' Physical Memory: 16315 MB
BatchMode: 1, IsHumanControllingUs: 0, StartBugReporterOnCrash: 0, Is64bit: 1, IsPro: 0

 COMMAND LINE ARGUMENTS:
C:\Program Files\Unity\Hub\Editor\2020.3.0f1\Editor\Unity.exe
-adb2
-batchMode
-noUpm
-name
AssetImportWorker0
-projectPath
C:/Users/kawai/CA_Project
-logFile
Logs/AssetImportWorker0.log
-srvPort
61267
Successfully changed project path to: C:/Users/kawai/CA_Project
C:/Users/kawai/CA_Project
Using Asset Import Pipeline V2.
Refreshing native plugins compatible for Editor in 33.50 ms, found 1 plugins.
Preloading 0 native plugins for Editor in 0.00 ms.
Initialize engine version: 2020.3.0f1 (c7b5465681fb)
[Subsystems] Discovering subsystems at path C:/Program Files/Unity/Hub/Editor/2020.3.0f1/Editor/Data/Resources/UnitySubsystems
[Subsystems] Discovering subsystems at path C:/Users/kawai/CA_Project/Assets
GfxDevice: creating device client; threaded=0
Direct3D:
    Version:  Direct3D 11.0 [level 11.1]
    Renderer: NVIDIA GeForce GTX 1050 (ID=0x1c81)
    Vendor:   
    VRAM:     1977 MB
    Driver:   27.21.14.5671
Initialize mono
Mono path[0] = 'C:/Program Files/Unity/Hub/Editor/2020.3.0f1/Editor/Data/Managed'
Mono path[1] = 'C:/Program Files/Unity/Hub/Editor/2020.3.0f1/Editor/Data/MonoBleedingEdge/lib/mono/unityjit'
Mono config path = 'C:/Program Files/Unity/Hub/Editor/2020.3.0f1/Editor/Data/MonoBleedingEdge/etc'
Using monoOptions --debugger-agent=transport=dt_socket,embedding=1,server=y,suspend=n,address=127.0.0.1:56480
Begin MonoManager ReloadAssembly
Registering precompiled unity dll's ...
Register platform support module: C:/Program Files/Unity/Hub/Editor/2020.3.0f1/Editor/Data/PlaybackEngines/WebGLSupport/UnityEditor.WebGL.Extensions.dll
Register platform support module: C:/Program Files/Unity/Hub/Editor/2020.3.0f1/Editor/Data/PlaybackEngines/WindowsStandaloneSupport/UnityEditor.WindowsStandalone.Extensions.dll
Registered in 0.001914 seconds.
Native extension for WindowsStandalone target not found
Native extension for WebGL target not found
Refreshing native plugins compatible for Editor in 27.92 ms, found 1 plugins.
Preloading 0 native plugins for Editor in 0.00 ms.
Invoked RoslynAnalysisRunner static constructor.
RoslynAnalysisRunner will not be running.
RoslynAnalysisRunner has terminated.
Mono: successfully reloaded assembly
- Completed reload, in  1.354 seconds
Platform modules already initialized, skipping
Registering precompiled user dll's ...
Registered in 0.004173 seconds.
Begin MonoManager ReloadAssembly
Native extension for WindowsStandalone target not found
Native extension for WebGL target not found
Refreshing native plugins compatible for Editor in 0.50 ms, found 1 plugins.
Preloading 0 native plugins for Editor in 0.00 ms.
Invoked RoslynAnalysisRunner static constructor.
RoslynAnalysisRunner will not be running.
RoslynAnalysisRunner has terminated.
Mono: successfully reloaded assembly
- Completed reload, in  0.714 seconds
Platform modules already initialized, skipping
========================================================================
Worker process is ready to serve import requests
Launched and connected shader compiler UnityShaderCompiler.exe after 0.03 seconds
Refreshing native plugins compatible for Editor in 0.46 ms, found 1 plugins.
Preloading 0 native plugins for Editor in 0.00 ms.
Unloading 1753 Unused Serialized files (Serialized files now loaded: 0)
System memory in use before: 88.5 MB.
System memory in use after: 88.6 MB.

Unloading 34 unused Assets to reduce memory usage. Loaded Objects now: 2183.
Total: 2.213600 ms (FindLiveObjects: 0.282500 ms CreateObjectMapping: 0.054000 ms MarkObjects: 1.780700 ms  DeleteObjects: 0.094800 ms)

========================================================================
Received Import Request.
  path: Assets/GoogleARCore/Examples/CloudAnchors/Prefabs/Player.prefab
  artifactKey: Guid(9d4ec7a0b0d514d24a21e1590418a679) Importer(815301076,1909f56bfc062723c751e8b465ee728b)
Start importing Assets/GoogleARCore/Examples/CloudAnchors/Prefabs/Player.prefab using Guid(9d4ec7a0b0d514d24a21e1590418a679) Importer(815301076,1909f56bfc062723c751e8b465ee728b)  -> (artifact id: 'd9c8724065dbe789445699a269c5b900') in 0.051688 seconds
  Import took 0.054810 seconds .

========================================================================
Received Import Request.
  Time since last request: 322.007158 seconds.
  path: Assets/GoogleARCore/Examples/CloudAnchors/Prefabs/Anchor.prefab
  artifactKey: Guid(d7e51cffc46904f65957fa3aeb255467) Importer(815301076,1909f56bfc062723c751e8b465ee728b)
Start importing Assets/GoogleARCore/Examples/CloudAnchors/Prefabs/Anchor.prefab using Guid(d7e51cffc46904f65957fa3aeb255467) Importer(815301076,1909f56bfc062723c751e8b465ee728b)  -> (artifact id: '80554e2b6fe4f7e5fac50ed90b3665bf') in 0.053918 seconds
  Import took 0.056879 seconds .

========================================================================
Received Import Request.
  Time since last request: 5.817775 seconds.
  path: Assets/GoogleARCore/Examples/CloudAnchors/Prefabs/Star.prefab
  artifactKey: Guid(c162c528b139240d0881c95be8c04f2b) Importer(815301076,1909f56bfc062723c751e8b465ee728b)
Start importing Assets/GoogleARCore/Examples/CloudAnchors/Prefabs/Star.prefab using Guid(c162c528b139240d0881c95be8c04f2b) Importer(815301076,1909f56bfc062723c751e8b465ee728b)  -> (artifact id: 'f871f9ac927db872367b45f5645962b4') in 0.054095 seconds
  Import took 0.056861 seconds .

========================================================================
Received Prepare
Refreshing native plugins compatible for Editor in 5.92 ms, found 1 plugins.
Preloading 0 native plugins for Editor in 0.00 ms.
Unloading 28 Unused Serialized files (Serialized files now loaded: 0)
System memory in use before: 54.7 MB.
System memory in use after: 54.7 MB.

Unloading 27 unused Assets to reduce memory usage. Loaded Objects now: 2191.
Total: 3.480400 ms (FindLiveObjects: 0.610800 ms CreateObjectMapping: 0.102800 ms MarkObjects: 2.672100 ms  DeleteObjects: 0.093700 ms)

========================================================================
Received Import Request.
  Time since last request: 1235.599077 seconds.
  path: Assets/ARRealismDemos/CollisionDetection/Scripts/CollisionDetector.cs
  artifactKey: Guid(11119a01fad7043cc82147c5bb66983f) Importer(815301076,1909f56bfc062723c751e8b465ee728b)
Start importing Assets/ARRealismDemos/CollisionDetection/Scripts/CollisionDetector.cs using Guid(11119a01fad7043cc82147c5bb66983f) Importer(815301076,1909f56bfc062723c751e8b465ee728b)  -> (artifact id: '57a2084b7a7552b8310ac4475227a862') in 0.012879 seconds
  Import took 0.015873 seconds .

========================================================================
Received Import Request.
  Time since last request: 31.819746 seconds.
  path: Assets/ARRealismDemos/AvatarLocomotion/Scripts/AvatarSceneController.cs
  artifactKey: Guid(fa2c2439c927948ba8b2b42c81688670) Importer(815301076,1909f56bfc062723c751e8b465ee728b)
Start importing Assets/ARRealismDemos/AvatarLocomotion/Scripts/AvatarSceneController.cs using Guid(fa2c2439c927948ba8b2b42c81688670) Importer(815301076,1909f56bfc062723c751e8b465ee728b)  -> (artifact id: '1c1b5288d6c7c4a00aad19d82175be3e') in 0.007331 seconds
  Import took 0.010319 seconds .

========================================================================
Received Import Request.
  Time since last request: 0.000998 seconds.
  path: Assets/ARRealismDemos/AvatarLocomotion/Scripts/AvatarSceneController.cs
  artifactKey: Guid(fa2c2439c927948ba8b2b42c81688670) Importer(815301076,1909f56bfc062723c751e8b465ee728b)
Start importing Assets/ARRealismDemos/AvatarLocomotion/Scripts/AvatarSceneController.cs using Guid(fa2c2439c927948ba8b2b42c81688670) Importer(815301076,1909f56bfc062723c751e8b465ee728b)  -> (artifact id: '1c1b5288d6c7c4a00aad19d82175be3e') in 0.002739 seconds
  Import took 0.005801 seconds .

========================================================================
Received Import Request.
  Time since last request: 1664.963420 seconds.
  path: Assets/GoogleARCore/Examples/CloudAnchors/Configurations/CloudAnchorsSessionConfig.asset
  artifactKey: Guid(2df5ff2f38acc4159832322e57364bfa) Importer(815301076,1909f56bfc062723c751e8b465ee728b)
Start importing Assets/GoogleARCore/Examples/CloudAnchors/Configurations/CloudAnchorsSessionConfig.asset using Guid(2df5ff2f38acc4159832322e57364bfa) Importer(815301076,1909f56bfc062723c751e8b465ee728b)  -> (artifact id: '1da88a3cf0068b46b6c8293960f4ba83') in 0.034649 seconds
  Import took 0.038331 seconds .

========================================================================
Received Import Request.
  Time since last request: 158.293093 seconds.
  path: Assets/GoogleARCore/Examples/CloudAnchors/Configurations/CloudAnchorsSessionConfig.asset
  artifactKey: Guid(2df5ff2f38acc4159832322e57364bfa) Importer(815301076,1909f56bfc062723c751e8b465ee728b)
Start importing Assets/GoogleARCore/Examples/CloudAnchors/Configurations/CloudAnchorsSessionConfig.asset using Guid(2df5ff2f38acc4159832322e57364bfa) Importer(815301076,1909f56bfc062723c751e8b465ee728b)  -> (artifact id: 'e7b76d5152ac57a3f1ff8329e875aeb3') in 0.002964 seconds
  Import took 0.007978 seconds .

========================================================================
Received Prepare
Refreshing native plugins compatible for Editor in 7.09 ms, found 1 plugins.
Preloading 0 native plugins for Editor in 0.00 ms.
Unloading 28 Unused Serialized files (Serialized files now loaded: 0)
System memory in use before: 54.7 MB.
System memory in use after: 54.8 MB.

Unloading 27 unused Assets to reduce memory usage. Loaded Objects now: 2191.
Total: 17.255800 ms (FindLiveObjects: 0.277200 ms CreateObjectMapping: 0.064200 ms MarkObjects: 16.829700 ms  DeleteObjects: 0.083400 ms)

========================================================================
Received Prepare
Refreshing native plugins compatible for Editor in 6.59 ms, found 1 plugins.
Preloading 0 native plugins for Editor in 0.00 ms.
Unloading 28 Unused Serialized files (Serialized files now loaded: 0)
System memory in use before: 54.7 MB.
System memory in use after: 54.8 MB.

Unloading 27 unused Assets to reduce memory usage. Loaded Objects now: 2191.
Total: 2.563400 ms (FindLiveObjects: 0.323100 ms CreateObjectMapping: 0.057100 ms MarkObjects: 2.122200 ms  DeleteObjects: 0.060000 ms)

========================================================================
Received Prepare
Registering precompiled user dll's ...
Registered in 0.006437 seconds.
Begin MonoManager ReloadAssembly
Native extension for WindowsStandalone target not found
Native extension for WebGL target not found
Refreshing native plugins compatible for Editor in 0.56 ms, found 1 plugins.
Preloading 0 native plugins for Editor in 0.00 ms.
Invoked RoslynAnalysisRunner static constructor.
RoslynAnalysisRunner will not be running.
RoslynAnalysisRunner has terminated.
Mono: successfully reloaded assembly
- Completed reload, in  0.928 seconds
Platform modules already initialized, skipping
Switching build target platform(5) subTarget(0) extendedPlatform(0) -> platform(13) subTarget(524288) extendedPlatform(0)
Refreshing native plugins compatible for Editor in 0.52 ms, found 1 plugins.
Preloading 0 native plugins for Editor in 0.00 ms.
Unloading 1697 Unused Serialized files (Serialized files now loaded: 0)
System memory in use before: 86.5 MB.
System memory in use after: 86.6 MB.

Unloading 29 unused Assets to reduce memory usage. Loaded Objects now: 2194.
Total: 2.302200 ms (FindLiveObjects: 0.290600 ms CreateObjectMapping: 0.044700 ms MarkObjects: 1.916700 ms  DeleteObjects: 0.048400 ms)

AssetImportParameters requested are different than current active one (requested -> active):
  custom:graphics/normal-map-encoding: 01000000000000000000000000000000 -> 02000000000000000000000000000000
========================================================================
Received Prepare
Refreshing native plugins compatible for Editor in 8.94 ms, found 1 plugins.
Preloading 0 native plugins for Editor in 0.00 ms.
Unloading 28 Unused Serialized files (Serialized files now loaded: 0)
System memory in use before: 54.6 MB.
System memory in use after: 54.7 MB.

Unloading 27 unused Assets to reduce memory usage. Loaded Objects now: 2194.
Total: 2.000500 ms (FindLiveObjects: 0.307800 ms CreateObjectMapping: 0.049900 ms MarkObjects: 1.581000 ms  DeleteObjects: 0.060800 ms)

========================================================================
Received Prepare
Refreshing native plugins compatible for Editor in 6.66 ms, found 1 plugins.
Preloading 0 native plugins for Editor in 0.00 ms.
Unloading 28 Unused Serialized files (Serialized files now loaded: 0)
System memory in use before: 54.7 MB.
System memory in use after: 54.7 MB.

Unloading 27 unused Assets to reduce memory usage. Loaded Objects now: 2194.
Total: 2.474100 ms (FindLiveObjects: 0.499900 ms CreateObjectMapping: 0.121300 ms MarkObjects: 1.786300 ms  DeleteObjects: 0.065500 ms)

========================================================================
Received Prepare
Refreshing native plugins compatible for Editor in 7.49 ms, found 1 plugins.
Preloading 0 native plugins for Editor in 0.00 ms.
Unloading 28 Unused Serialized files (Serialized files now loaded: 0)
System memory in use before: 54.7 MB.
System memory in use after: 54.7 MB.

Unloading 27 unused Assets to reduce memory usage. Loaded Objects now: 2194.
Total: 20.337400 ms (FindLiveObjects: 0.699400 ms CreateObjectMapping: 0.070700 ms MarkObjects: 19.398600 ms  DeleteObjects: 0.166500 ms)

========================================================================
Received Import Request.
  Time since last request: 6273.570572 seconds.
  path: Assets/GoogleARCore/Examples/CloudAnchors/Configurations/CloudAnchorsSessionConfig.asset
  artifactKey: Guid(2df5ff2f38acc4159832322e57364bfa) Importer(815301076,1909f56bfc062723c751e8b465ee728b)
Start importing Assets/GoogleARCore/Examples/CloudAnchors/Configurations/CloudAnchorsSessionConfig.asset using Guid(2df5ff2f38acc4159832322e57364bfa) Importer(815301076,1909f56bfc062723c751e8b465ee728b)  -> (artifact id: '38488ad03cdacc789be71e7dfbfaaea5') in 0.051852 seconds
  Import took 0.056405 seconds .

========================================================================
Received Prepare
Refreshing native plugins compatible for Editor in 7.24 ms, found 1 plugins.
Preloading 0 native plugins for Editor in 0.00 ms.
Unloading 28 Unused Serialized files (Serialized files now loaded: 0)
System memory in use before: 54.7 MB.
System memory in use after: 54.8 MB.

Unloading 27 unused Assets to reduce memory usage. Loaded Objects now: 2194.
Total: 3.817000 ms (FindLiveObjects: 0.409900 ms CreateObjectMapping: 0.181900 ms MarkObjects: 3.143700 ms  DeleteObjects: 0.079900 ms)

========================================================================
Received Prepare
Refreshing native plugins compatible for Editor in 6.14 ms, found 1 plugins.
Preloading 0 native plugins for Editor in 0.00 ms.
Unloading 28 Unused Serialized files (Serialized files now loaded: 0)
System memory in use before: 54.7 MB.
System memory in use after: 54.8 MB.

Unloading 27 unused Assets to reduce memory usage. Loaded Objects now: 2194.
Total: 11.209100 ms (FindLiveObjects: 0.648800 ms CreateObjectMapping: 0.083700 ms MarkObjects: 10.105100 ms  DeleteObjects: 0.369300 ms)

========================================================================
Received Prepare
Refreshing native plugins compatible for Editor in 5.93 ms, found 1 plugins.
Preloading 0 native plugins for Editor in 0.00 ms.
Unloading 28 Unused Serialized files (Serialized files now loaded: 0)
System memory in use before: 54.7 MB.
System memory in use after: 54.8 MB.

Unloading 27 unused Assets to reduce memory usage. Loaded Objects now: 2194.
Total: 2.464600 ms (FindLiveObjects: 0.223700 ms CreateObjectMapping: 0.043200 ms MarkObjects: 2.127600 ms  DeleteObjects: 0.068900 ms)

========================================================================
Received Prepare
Refreshing native plugins compatible for Editor in 35.12 ms, found 1 plugins.
Preloading 0 native plugins for Editor in 0.00 ms.
Unloading 28 Unused Serialized files (Serialized files now loaded: 0)
System memory in use before: 54.7 MB.
System memory in use after: 54.8 MB.

Unloading 27 unused Assets to reduce memory usage. Loaded Objects now: 2194.
Total: 2.773300 ms (FindLiveObjects: 0.323900 ms CreateObjectMapping: 0.048100 ms MarkObjects: 2.318300 ms  DeleteObjects: 0.081600 ms)

========================================================================
Received Prepare
Registering precompiled user dll's ...
Registered in 0.005091 seconds.
Begin MonoManager ReloadAssembly
Native extension for WindowsStandalone target not found
Native extension for WebGL target not found
Refreshing native plugins compatible for Editor in 0.82 ms, found 1 plugins.
Preloading 0 native plugins for Editor in 0.00 ms.
Invoked RoslynAnalysisRunner static constructor.
RoslynAnalysisRunner will not be running.
RoslynAnalysisRunner has terminated.
Mono: successfully reloaded assembly
- Completed reload, in  0.996 seconds
Platform modules already initialized, skipping
Switching build target platform(5) subTarget(0) extendedPlatform(0) -> platform(13) subTarget(524288) extendedPlatform(0)
Refreshing native plugins compatible for Editor in 0.50 ms, found 1 plugins.
Preloading 0 native plugins for Editor in 0.00 ms.
Unloading 1697 Unused Serialized files (Serialized files now loaded: 0)
System memory in use before: 86.6 MB.
System memory in use after: 86.6 MB.

Unloading 29 unused Assets to reduce memory usage. Loaded Objects now: 2197.
Total: 2.167400 ms (FindLiveObjects: 0.379700 ms CreateObjectMapping: 0.053500 ms MarkObjects: 1.685600 ms  DeleteObjects: 0.046100 ms)

AssetImportParameters requested are different than current active one (requested -> active):
  custom:graphics/normal-map-encoding: 01000000000000000000000000000000 -> 02000000000000000000000000000000
========================================================================
Received Prepare
Registering precompiled user dll's ...
Registered in 0.004997 seconds.
Begin MonoManager ReloadAssembly
Native extension for WindowsStandalone target not found
Native extension for WebGL target not found
Refreshing native plugins compatible for Editor in 0.66 ms, found 1 plugins.
Preloading 0 native plugins for Editor in 0.00 ms.
Invoked RoslynAnalysisRunner static constructor.
RoslynAnalysisRunner will not be running.
RoslynAnalysisRunner has terminated.
Mono: successfully reloaded assembly
- Completed reload, in  0.927 seconds
Platform modules already initialized, skipping
Switching build target platform(5) subTarget(0) extendedPlatform(0) -> platform(13) subTarget(524288) extendedPlatform(0)
Refreshing native plugins compatible for Editor in 0.66 ms, found 1 plugins.
Preloading 0 native plugins for Editor in 0.00 ms.
Unloading 1708 Unused Serialized files (Serialized files now loaded: 0)
System memory in use before: 86.8 MB.
System memory in use after: 86.9 MB.

Unloading 29 unused Assets to reduce memory usage. Loaded Objects now: 2211.
Total: 2.808800 ms (FindLiveObjects: 0.604800 ms CreateObjectMapping: 0.063200 ms MarkObjects: 2.040600 ms  DeleteObjects: 0.097500 ms)

AssetImportParameters requested are different than current active one (requested -> active):
  custom:graphics/normal-map-encoding: 01000000000000000000000000000000 -> 02000000000000000000000000000000
AssetImportWorkerClient::OnTransportError - code=2 error=End of file
